Traceback (most recent call last):
  File "<frozen runpy>", line 198, in _run_module_as_main
  File "<frozen runpy>", line 88, in _run_code
  File "/Users/duncanbraakhekke/Documents/School/master-software/View_Shot_Vision/open_robo_vision/improved_pipelines/preload_embeddings.py", line 269, in <module>
    sys.exit(main())
             ^^^^^^
  File "/Users/duncanbraakhekke/Documents/School/master-software/View_Shot_Vision/open_robo_vision/improved_pipelines/preload_embeddings.py", line 254, in main
    run_preload(
  File "/Users/duncanbraakhekke/Documents/School/master-software/View_Shot_Vision/open_robo_vision/improved_pipelines/preload_embeddings.py", line 115, in run_preload
    detector = ImageConditionedObjectDetector()
               ^^^^^^^^^^^^^^^^^^^^^^^^^^^^^^^^
  File "/Users/duncanbraakhekke/Documents/School/master-software/View_Shot_Vision/open_robo_vision/detection/OWL_VIT_v2/image_conditioned.py", line 24, in __init__
    self.variables = self.module.load_variables(self.config.init_from.checkpoint_path)
                     ^^^^^^^^^^^^^^^^^^^^^^^^^^^^^^^^^^^^^^^^^^^^^^^^^^^^^^^^^^^^^^^^^
  File "/Users/duncanbraakhekke/Documents/School/master-software/View_Shot_Vision/open_robo_vision/detection/OWL_VIT_v2/owl_vit/models.py", line 115, in load_variables
    if 'optimizer' in restored:
       ^^^^^^^^^^^^^^^^^^^^^^^
TypeError: argument of type 'NoneType' is not iterable
Loading OWL-ViT detector…
Loading the model.
Loading OWL-ViT detector…
Loading the model.
Inference time: 8.336
Inference time: 4.607
Inference time: 4.599
Inference time: 4.613
Inference time: 4.650
Inference time: 4.757
Inference time: 6.556
Inference time: 5.514
Inference time: 5.074
Inference time: 5.331
Inference time: 5.381
Inference time: 8.928
Inference time: 5.693
Inference time: 5.819
Inference time: 5.851
Inference time: 5.851
Inference time: 5.499
Inference time: 5.367
Inference time: 5.665
Inference time: 5.556
Inference time: 5.921
Inference time: 4.871
Inference time: 4.859
Inference time: 4.811
Inference time: 4.832
Inference time: 4.607
Inference time: 4.637
Inference time: 6.188
Inference time: 5.497
Inference time: 5.325
Inference time: 5.552
Inference time: 5.515
Inference time: 5.598
Inference time: 5.482
Inference time: 5.467
Inference time: 5.489
Inference time: 5.667
Inference time: 5.274
Inference time: 5.898
Inference time: 5.167
Inference time: 5.285
Inference time: 5.336
Inference time: 5.337
Inference time: 5.642
Inference time: 6.830
Inference time: 5.723
Inference time: 5.828
Inference time: 5.641
Inference time: 5.610
Inference time: 5.750
Inference time: 5.205
Inference time: 5.312
Inference time: 5.391
Inference time: 5.933
Inference time: 5.097
Inference time: 5.333
Inference time: 4.956
Inference time: 4.815
Inference time: 4.801
Inference time: 4.780
Inference time: 5.139
Inference time: 5.076
Inference time: 4.943
Inference time: 4.796
Inference time: 5.672
Inference time: 5.146
Inference time: 4.853
Inference time: 5.051
Inference time: 5.226
Inference time: 5.333
Inference time: 5.092
Inference time: 6.029
Inference time: 5.064
Inference time: 5.062
Inference time: 5.411
Inference time: 5.415
Inference time: 6.450
Inference time: 9.241
Inference time: 6.393
Inference time: 6.688
Inference time: 7.438
Inference time: 6.760
Inference time: 6.497
Inference time: 7.574
Inference time: 5.955
Inference time: 4.960
Inference time: 5.761
Inference time: 5.339
Inference time: 5.694
Inference time: 5.898
Inference time: 5.110
Inference time: 6.866
Inference time: 4.997
Inference time: 4.957
Inference time: 5.031
Inference time: 5.498
Inference time: 9.145
Inference time: 6.558
Inference time: 6.982
Inference time: 5.279
Inference time: 5.207
Inference time: 5.112
Inference time: 5.087
Inference time: 5.044
Inference time: 5.066
Inference time: 5.225
Inference time: 4.797
Inference time: 5.591
Inference time: 5.371
Inference time: 8.214
Inference time: 8.611
Inference time: 8.743
Inference time: 4.845
Inference time: 5.046
Inference time: 4.861
Inference time: 5.515
Inference time: 5.429
Inference time: 6.758
Inference time: 8.563
Inference time: 8.526
Inference time: 8.351
Inference time: 9.574
Inference time: 10.094
Inference time: 9.165
Inference time: 8.815
Inference time: 10.553
Inference time: 10.290
Inference time: 11.408
Inference time: 9.717
Inference time: 10.458
Inference time: 9.586
Inference time: 9.549
Inference time: 10.154
Inference time: 8.482
Inference time: 11.492
Inference time: 11.112
Inference time: 8.291
Inference time: 8.068
Inference time: 8.302
Inference time: 7.391
Inference time: 7.593
Inference time: 8.095
Inference time: 7.879
Inference time: 8.468
Inference time: 7.799
Inference time: 7.889
Inference time: 7.700
Inference time: 8.346
Inference time: 8.110
Inference time: 8.423
Inference time: 8.372
Inference time: 7.964
Inference time: 8.208
Inference time: 9.126
Inference time: 8.468
Inference time: 8.673
Inference time: 8.815
Inference time: 8.029
Inference time: 8.151
Inference time: 7.963
Inference time: 7.911
Inference time: 8.078
Inference time: 8.011
Inference time: 8.059
Inference time: 7.908
Inference time: 8.486
Inference time: 8.154
Inference time: 9.173
Inference time: 8.075
Inference time: 7.939
Inference time: 9.355
Inference time: 9.071
Inference time: 8.135
Inference time: 8.096
Inference time: 8.287
Inference time: 8.010
Inference time: 9.810
Inference time: 9.186
Inference time: 7.818
Inference time: 8.296
Inference time: 8.399
Inference time: 8.189
Inference time: 8.555
Inference time: 8.182
Inference time: 9.469
Inference time: 10.896
Inference time: 9.928
Inference time: 10.256
Inference time: 7.784
Inference time: 7.023
Inference time: 7.028
Inference time: 7.130
Inference time: 7.431
Inference time: 7.097
Inference time: 6.903
Inference time: 7.368
Inference time: 7.594
Inference time: 6.964
Inference time: 6.888
Inference time: 7.141
Inference time: 9.801
Inference time: 8.277
Inference time: 8.316
Inference time: 6.355
Inference time: 6.536
Inference time: 6.313
Inference time: 8.358
Inference time: 8.670
Inference time: 6.604
Inference time: 6.303
Inference time: 6.420
Inference time: 6.555
Inference time: 6.640
Inference time: 6.564
Inference time: 6.377
Inference time: 6.293
Inference time: 6.294
Inference time: 6.407
Inference time: 6.785
Inference time: 7.079
Inference time: 6.454
Inference time: 6.484
Inference time: 6.467
Inference time: 6.467
Inference time: 6.883
Inference time: 6.547
Inference time: 7.195
Inference time: 6.578
Inference time: 6.231
Inference time: 6.680
Inference time: 6.550
Inference time: 6.637
Inference time: 6.692
Inference time: 6.229
Inference time: 6.560
Inference time: 6.603
Inference time: 6.518
Inference time: 6.462
Inference time: 6.591
Inference time: 6.428
Inference time: 6.721
Inference time: 6.256
Inference time: 6.321
Inference time: 6.395
Inference time: 6.356
Inference time: 6.378
Inference time: 6.645
Inference time: 6.721
Inference time: 6.692
Inference time: 6.508
Inference time: 7.036
Inference time: 7.969
Inference time: 7.381
Inference time: 8.254
Inference time: 6.911
Inference time: 7.113
Inference time: 7.257
Inference time: 7.292
Inference time: 7.745
Inference time: 7.559
Inference time: 6.857
Inference time: 7.341
Inference time: 7.369
Inference time: 7.817
Inference time: 7.002
Inference time: 6.885
Inference time: 6.977
Inference time: 7.217
Inference time: 7.361
Inference time: 7.142
Inference time: 7.191
Inference time: 7.049
Inference time: 7.057
Inference time: 7.124
Inference time: 7.167
Inference time: 7.269
Inference time: 6.724
Inference time: 6.869
Inference time: 7.868
Inference time: 7.028
Inference time: 7.504
Inference time: 7.143
Inference time: 7.756
Inference time: 7.076
Inference time: 6.938
Inference time: 7.463
Inference time: 7.234
Inference time: 7.119
Inference time: 6.902
Inference time: 6.865
Inference time: 7.387
Inference time: 7.124
Inference time: 8.741
Inference time: 6.851
Inference time: 6.762
Inference time: 6.799
Inference time: 7.219
Inference time: 6.254
Inference time: 6.371
Inference time: 6.453
Inference time: 6.252
Inference time: 6.560
Inference time: 6.590
Inference time: 7.014
Inference time: 6.447
Inference time: 6.236
Inference time: 6.501
Inference time: 6.342
Inference time: 6.568
Inference time: 6.167
Inference time: 6.576
Inference time: 6.529
Inference time: 6.482
Inference time: 6.669
Inference time: 6.579
Inference time: 6.234
Inference time: 6.156
Inference time: 6.407
Inference time: 6.582
Inference time: 6.487
Inference time: 6.430
Inference time: 6.566
Inference time: 6.609
Inference time: 7.025
Inference time: 6.784
Inference time: 6.866
Inference time: 6.805
Inference time: 6.940
Inference time: 7.103
Inference time: 7.065
Inference time: 7.442
Inference time: 6.686
Inference time: 6.754
Inference time: 6.000
Inference time: 6.457
Inference time: 6.496
Inference time: 7.004
Inference time: 6.512
Inference time: 6.521
Inference time: 7.501
Inference time: 6.585
Inference time: 6.677
Inference time: 6.629
Inference time: 6.623
Inference time: 6.952
Inference time: 7.047
Inference time: 6.502
Inference time: 6.498
Inference time: 6.585
Inference time: 6.391
Inference time: 6.821
Inference time: 6.047
Inference time: 6.663
Inference time: 6.501
Inference time: 6.658
Inference time: 7.038
Inference time: 6.653
Inference time: 7.458
Inference time: 6.631
Inference time: 6.371
Inference time: 6.381
Inference time: 6.747
Inference time: 6.655
Inference time: 6.601
Inference time: 6.179
Inference time: 6.487
Inference time: 6.465
Inference time: 6.645
Inference time: 6.879
Inference time: 6.405
Inference time: 6.396
Inference time: 6.263
Inference time: 6.368
Inference time: 6.623
Inference time: 6.622
Inference time: 6.971
Inference time: 7.350
Inference time: 7.156
Inference time: 6.951
Inference time: 7.685
Inference time: 7.753
Inference time: 6.397
Inference time: 6.791
Inference time: 7.791
Inference time: 6.809
Inference time: 6.652
Inference time: 6.578
Inference time: 6.469
Inference time: 7.291
Inference time: 6.622
Inference time: 6.452
Inference time: 6.656
Inference time: 6.608
Inference time: 6.595
Inference time: 6.695
Inference time: 6.604
Inference time: 6.230
Inference time: 6.651
Inference time: 6.351
Inference time: 6.263
Inference time: 6.818
Inference time: 6.295
Inference time: 6.270
Inference time: 6.370
Inference time: 6.439
Inference time: 6.352
Inference time: 6.408
Inference time: 6.535
Inference time: 7.563
Inference time: 6.611
Inference time: 6.923
Inference time: 6.545
Inference time: 6.749
Inference time: 6.529
Inference time: 6.829
Inference time: 6.843
Inference time: 6.666
Inference time: 6.619
Inference time: 6.661
Inference time: 6.502
Inference time: 6.505
Inference time: 6.406
Inference time: 6.176
Inference time: 6.388
Inference time: 6.952
Inference time: 6.518
Inference time: 6.360
Inference time: 6.279
Inference time: 6.240
Inference time: 6.399
Inference time: 6.613
Inference time: 6.955
Inference time: 6.433
Inference time: 6.962
Inference time: 6.600
Inference time: 6.377
Inference time: 6.282
Inference time: 6.962
Inference time: 6.491
Inference time: 6.433
Inference time: 6.935
Inference time: 6.698
Inference time: 6.471
Inference time: 6.491
Inference time: 6.242
Inference time: 6.520
Inference time: 6.509
Inference time: 6.366
Inference time: 6.738
Inference time: 6.444
Inference time: 6.533
Inference time: 6.570
Inference time: 6.339
Inference time: 6.610
Inference time: 7.058
Inference time: 7.272
Inference time: 7.765
Inference time: 7.305
Inference time: 7.561
Inference time: 7.373
Inference time: 7.777
Inference time: 7.194
Inference time: 7.123
Inference time: 7.558
Inference time: 7.250
Inference time: 7.411
Inference time: 6.855
Inference time: 7.513
Inference time: 8.227
Inference time: 6.740
Inference time: 7.047
Inference time: 6.720
Inference time: 7.093
Inference time: 7.022
Inference time: 6.691
Inference time: 7.026
Inference time: 6.943
Inference time: 6.885
Inference time: 6.594
Inference time: 6.984
Inference time: 6.953
Inference time: 6.984
Inference time: 6.873
Inference time: 6.673
Inference time: 7.161
Inference time: 7.623
Inference time: 6.574
Inference time: 6.969
Inference time: 7.676
Inference time: 7.416
Inference time: 6.853
Inference time: 6.684
Inference time: 6.975
Inference time: 7.877
Inference time: 7.451
Inference time: 6.377
Inference time: 6.269
Inference time: 6.207
Inference time: 6.770
Inference time: 6.476
Inference time: 6.312
Inference time: 6.650
Inference time: 6.435
Inference time: 6.314
Inference time: 6.590
Inference time: 6.324
Inference time: 6.300
Inference time: 6.826
Inference time: 6.349
Inference time: 6.343
Inference time: 6.527
Inference time: 7.153
Inference time: 6.933
Inference time: 6.421
Inference time: 7.257
Inference time: 7.655
Inference time: 6.406
Inference time: 6.640
Inference time: 7.397
Inference time: 7.893
Inference time: 6.893
Inference time: 7.326
Inference time: 7.814
Inference time: 7.397
Inference time: 7.928
Inference time: 6.904
Inference time: 6.981
Inference time: 6.836
Inference time: 7.276
Inference time: 7.958
Inference time: 7.833
Inference time: 7.387
Inference time: 8.227
Inference time: 7.272
Inference time: 7.309
Inference time: 7.299
Inference time: 7.370
Inference time: 6.484
Inference time: 7.303
Inference time: 8.008
Inference time: 7.383
Inference time: 7.268
Inference time: 7.695
Inference time: 7.137
Inference time: 6.641
Inference time: 6.854
Inference time: 6.799
Inference time: 7.626
Inference time: 7.971
Inference time: 8.586
Inference time: 9.276
Inference time: 9.836
Inference time: 6.245
Inference time: 6.359
Inference time: 6.309
Inference time: 6.504
Inference time: 6.532
Inference time: 6.319
Inference time: 6.214
Inference time: 6.347
Inference time: 6.208
Inference time: 6.209
Inference time: 6.489
Inference time: 6.487
Inference time: 6.970
Inference time: 6.403
Inference time: 6.532
Inference time: 6.468
Inference time: 6.587
Inference time: 6.409
Inference time: 6.381
Inference time: 6.516
Inference time: 6.289
Inference time: 6.461
Inference time: 6.380
Inference time: 6.277
Inference time: 6.420
Inference time: 6.499
Inference time: 6.668
Inference time: 6.498
Inference time: 6.390
Inference time: 6.535
Inference time: 6.458
Inference time: 6.610
Inference time: 6.380
Inference time: 6.523
Inference time: 6.364
Inference time: 6.528
Inference time: 6.831
Inference time: 6.385
Inference time: 6.387
Inference time: 6.413
Inference time: 6.651
Inference time: 6.533
Inference time: 6.271
Inference time: 6.248
Inference time: 7.279
Inference time: 7.012
Inference time: 7.271
Inference time: 6.546
Inference time: 6.457
Inference time: 6.970
Inference time: 7.070
Inference time: 6.701
Inference time: 6.757
Inference time: 6.616
Inference time: 6.814
Inference time: 6.810
Inference time: 6.882
Inference time: 6.935
Inference time: 7.078
Inference time: 6.836
Inference time: 6.868
Inference time: 6.700
Inference time: 6.773
Inference time: 7.100
Inference time: 6.815
Inference time: 6.772
Inference time: 8.578
Inference time: 7.433
Inference time: 7.486
Inference time: 7.010
Inference time: 7.382
Inference time: 6.585
Inference time: 6.823
Inference time: 7.181
Inference time: 7.994
Inference time: 6.913
Inference time: 6.866
Inference time: 6.482
Inference time: 6.980
Inference time: 6.710
Inference time: 6.796
Inference time: 6.826
Inference time: 6.971
Inference time: 7.295
Inference time: 6.929
Inference time: 7.453
Inference time: 7.656
Inference time: 7.143
Inference time: 7.763
Inference time: 8.234
Inference time: 7.387
Inference time: 10.070
Inference time: 8.825
Inference time: 7.206
Inference time: 6.875
Inference time: 6.804
Inference time: 6.564
Inference time: 6.246
Inference time: 6.412
Inference time: 6.531
Inference time: 6.232
Inference time: 6.755
Inference time: 6.486
Inference time: 6.579
Inference time: 6.297
Inference time: 6.479
Inference time: 6.602
Inference time: 6.523
Inference time: 6.478
Inference time: 6.258
Inference time: 6.387
Inference time: 6.370
Inference time: 6.357
Inference time: 6.780
Inference time: 6.538
Inference time: 6.267
Inference time: 6.426
Inference time: 6.299
Inference time: 6.818
Inference time: 6.826
Inference time: 6.410
Inference time: 6.611
Inference time: 6.335
Inference time: 6.269
Inference time: 6.373
Inference time: 6.238
Inference time: 6.191
Inference time: 6.311
Inference time: 6.190
Inference time: 6.426
Inference time: 7.113
Inference time: 6.383
Inference time: 6.327
Inference time: 6.294
Inference time: 6.473
Inference time: 6.165
Inference time: 6.540
Inference time: 6.685
Inference time: 6.375
Inference time: 6.414
Inference time: 7.291
Inference time: 6.677
Inference time: 6.575
Inference time: 6.536
Inference time: 6.754
Inference time: 6.877
Inference time: 6.873
Inference time: 6.791
Inference time: 6.352
Inference time: 7.021
Inference time: 6.788
Inference time: 6.809
Inference time: 7.018
Inference time: 6.863
Inference time: 6.764
Inference time: 6.685
Inference time: 6.501
Inference time: 6.785
Inference time: 6.623
Inference time: 6.824
Inference time: 6.843
Inference time: 7.397
Inference time: 6.333
Inference time: 6.461
Inference time: 6.402
Inference time: 6.431
Inference time: 6.311
Inference time: 6.392
Inference time: 6.392
Inference time: 6.247
Inference time: 6.270
Inference time: 6.478
Inference time: 6.913
Inference time: 6.874
Inference time: 6.381
Inference time: 7.360
Inference time: 6.548
Inference time: 6.389
Inference time: 6.138
Inference time: 6.461
Inference time: 6.473
Inference time: 6.461
Inference time: 6.307
Inference time: 6.133
Inference time: 6.197
Inference time: 6.417
Inference time: 6.301
Inference time: 6.293
Inference time: 6.392
Inference time: 6.149
Inference time: 6.505
Inference time: 6.307
Inference time: 6.404
Inference time: 6.295
Inference time: 6.504
Inference time: 6.062
Inference time: 6.284
Inference time: 6.574
Inference time: 6.375
Inference time: 6.345
Inference time: 6.466
Inference time: 6.583
Inference time: 6.347
Inference time: 6.386
Inference time: 6.503
Inference time: 6.192
Inference time: 6.432
Inference time: 6.380
Inference time: 6.648
Inference time: 6.752
Inference time: 6.709
Inference time: 6.990
Inference time: 6.896
Inference time: 6.454
Inference time: 6.727
Inference time: 6.932
Inference time: 6.918
Inference time: 6.904
Inference time: 6.615
Inference time: 6.820
Inference time: 7.250
Inference time: 6.589
Inference time: 6.671
Inference time: 6.410
Inference time: 7.019
Inference time: 6.767
Inference time: 6.458
Inference time: 7.262
Inference time: 6.736
Inference time: 6.398
Inference time: 7.202
Inference time: 6.439
Inference time: 6.586
Inference time: 6.726
Inference time: 6.730
Inference time: 6.684
Inference time: 6.493
Inference time: 6.972
Inference time: 6.712
Inference time: 6.722
Inference time: 6.694
Inference time: 6.523
Inference time: 6.785
Inference time: 6.513
Inference time: 6.622
Inference time: 6.638
Inference time: 6.507
Inference time: 7.858
Inference time: 7.253
Inference time: 6.509
Inference time: 6.550
Inference time: 6.791
Inference time: 6.270
Inference time: 6.207
Inference time: 6.845
Inference time: 6.356
Inference time: 6.396
Inference time: 6.439
Inference time: 6.307
Inference time: 6.333
Inference time: 6.355
Inference time: 6.530
Inference time: 6.295
Inference time: 6.387
Inference time: 7.026
Inference time: 6.403
Inference time: 6.486
Inference time: 6.202
Inference time: 6.438
Inference time: 6.441
Inference time: 6.552
Inference time: 7.003
Inference time: 6.647
Inference time: 6.440
Inference time: 6.297
Inference time: 6.204
Inference time: 6.638
Inference time: 6.639
Inference time: 6.447
Inference time: 6.377
Inference time: 7.007
Inference time: 7.057
Inference time: 6.373
Inference time: 6.469
Inference time: 6.408
Inference time: 6.235
Inference time: 6.411
Inference time: 6.592
Inference time: 6.865
Inference time: 6.425
Inference time: 6.637
Inference time: 6.482
Inference time: 6.270
Inference time: 6.380
Inference time: 6.511
Inference time: 6.782
Inference time: 6.830
Inference time: 6.728
Inference time: 6.320
Inference time: 6.680
Inference time: 6.826
Inference time: 6.636
Inference time: 6.729
Inference time: 7.574
Inference time: 7.081
Inference time: 7.562
Inference time: 6.819
Inference time: 6.578
Inference time: 8.011
Inference time: 6.801
Inference time: 6.338
Inference time: 6.863
Inference time: 6.844
Inference time: 6.754
Inference time: 7.070
Inference time: 6.669
Inference time: 6.938
Inference time: 8.424
Inference time: 6.908
Inference time: 6.804
Inference time: 6.425
Inference time: 6.510
Inference time: 6.313
Inference time: 6.426
Inference time: 6.233
Inference time: 6.261
Inference time: 6.339
Inference time: 6.489
Inference time: 6.458
Inference time: 6.307
Inference time: 6.187
Inference time: 6.260
Inference time: 6.544
Inference time: 6.286
Inference time: 6.808
Inference time: 6.133
Inference time: 6.598
Inference time: 7.028
Inference time: 6.631
Inference time: 6.258
Inference time: 6.494
Inference time: 6.349
Inference time: 6.363
Inference time: 6.510
Inference time: 6.836
Inference time: 6.407
Inference time: 6.339
Inference time: 6.368
Inference time: 6.974
Inference time: 6.423
Inference time: 6.465
Inference time: 6.394
Inference time: 6.250
Inference time: 7.520
Inference time: 6.547
Inference time: 6.808
Inference time: 6.397
Inference time: 6.290
Inference time: 6.489
Inference time: 7.403
Inference time: 6.399
Inference time: 6.655
Inference time: 6.998
Inference time: 6.446
Inference time: 6.123
Inference time: 6.468
Inference time: 6.616
Inference time: 6.462
Inference time: 6.339
Inference time: 6.386
Inference time: 6.656
Inference time: 6.355
Inference time: 7.005
Inference time: 6.633
Inference time: 6.568
Inference time: 6.373
Inference time: 6.496
Inference time: 7.308
Inference time: 6.465
Inference time: 6.514
Inference time: 6.318
Inference time: 6.331
Inference time: 6.393
Inference time: 6.314
Inference time: 7.465
Inference time: 9.114
Inference time: 11.818
Inference time: 8.773
Inference time: 9.096
Inference time: 7.212
Inference time: 6.571
Inference time: 6.383
Inference time: 6.406
Inference time: 6.383
Inference time: 6.800
Inference time: 7.051
Inference time: 7.108
Inference time: 7.014
Inference time: 6.765
Inference time: 6.013
Inference time: 6.549
Inference time: 6.434
Inference time: 6.559
Inference time: 6.205
Inference time: 6.270
Inference time: 6.390
Inference time: 6.284
Inference time: 6.990
Inference time: 6.525
Inference time: 6.456
Inference time: 6.165
Inference time: 6.388
Inference time: 6.521
Inference time: 6.600
Inference time: 7.445
Inference time: 6.413
Inference time: 6.268
Inference time: 6.453
Inference time: 6.545
Inference time: 6.553
Inference time: 6.287
Inference time: 6.252
Inference time: 6.481
Inference time: 6.369
Inference time: 6.495
Inference time: 6.431
Inference time: 6.478
Inference time: 6.427
Inference time: 6.540
Inference time: 6.428
Inference time: 6.535
Inference time: 6.465
Inference time: 6.529
Inference time: 6.323
Inference time: 6.409
Inference time: 6.200
Inference time: 6.409
Inference time: 6.430
Inference time: 6.390
Inference time: 6.454
Inference time: 6.465
Inference time: 7.976
Inference time: 6.565
Inference time: 6.641
Inference time: 7.080
Inference time: 6.784
Inference time: 6.670
Inference time: 6.989
Inference time: 6.898
Inference time: 7.047
Inference time: 7.084
Inference time: 7.196
Inference time: 6.830
Inference time: 7.028
Inference time: 7.434
Inference time: 6.914
Inference time: 6.883
Inference time: 6.813
Inference time: 7.325
Inference time: 6.844
Inference time: 7.110
Inference time: 6.720
Inference time: 6.690
Inference time: 6.751
Inference time: 6.578
Inference time: 6.246
Inference time: 6.415
Inference time: 7.154
Inference time: 6.641
Inference time: 6.660
Inference time: 6.718
Inference time: 6.733
Inference time: 6.657
Inference time: 6.664
Inference time: 6.969
Inference time: 6.465
Inference time: 6.503
Inference time: 6.805
Inference time: 7.009
Inference time: 6.512
Inference time: 7.094
Inference time: 6.427
Inference time: 6.348
Inference time: 6.791
Inference time: 7.561
Inference time: 6.612
Inference time: 6.248
Inference time: 7.099
Inference time: 7.183
Inference time: 7.610
Inference time: 6.283
Inference time: 7.013
Inference time: 6.773
Inference time: 7.616
Inference time: 6.548
Inference time: 6.719
Inference time: 6.543
Inference time: 6.707
Inference time: 7.360
Inference time: 6.946
Inference time: 6.840
Inference time: 6.700
Inference time: 7.253
Inference time: 6.533
Inference time: 6.550
Inference time: 6.877
Inference time: 7.168
Inference time: 6.625
Inference time: 6.501
Inference time: 6.426
Inference time: 6.451
Inference time: 6.625
Inference time: 6.414
Inference time: 6.986
Inference time: 7.116
Inference time: 6.305
Inference time: 6.394
Inference time: 6.669
Inference time: 6.374
Inference time: 6.327
Inference time: 6.980
Inference time: 6.618
Inference time: 6.501
Inference time: 6.459
Inference time: 6.713
Inference time: 6.298
Inference time: 6.786
Inference time: 6.654
Inference time: 7.348
Inference time: 6.288
Inference time: 6.438
Inference time: 7.080
Inference time: 6.232
Inference time: 6.605
Inference time: 7.785
Inference time: 7.229
Inference time: 7.690
Inference time: 8.966
Inference time: 6.991
Inference time: 6.992
Inference time: 6.776
Inference time: 6.574
Inference time: 6.843
Inference time: 6.403
Inference time: 6.311
Inference time: 6.520
Inference time: 7.117
Inference time: 6.514
Inference time: 6.575
Inference time: 6.309
Inference time: 6.543
Inference time: 6.445
Inference time: 7.109
Inference time: 6.687
Inference time: 6.422
Inference time: 6.515
Inference time: 6.489
Inference time: 6.539
Inference time: 6.286
Inference time: 6.297
Inference time: 6.447
Inference time: 6.444
Inference time: 6.411
Inference time: 6.282
Inference time: 6.623
Inference time: 6.473
Inference time: 7.270
Inference time: 6.665
Inference time: 6.258
Inference time: 6.229
Inference time: 6.727
Inference time: 6.504
Inference time: 7.252
Inference time: 6.641
Inference time: 6.409
Inference time: 6.724
Inference time: 6.906
Inference time: 6.400
Inference time: 6.180
Inference time: 6.196
Inference time: 6.734
Inference time: 6.710
Inference time: 6.611
Inference time: 6.646
Inference time: 6.870
Inference time: 6.807
Inference time: 6.821
Inference time: 6.802
Inference time: 6.505
Inference time: 6.813
Inference time: 6.406
Inference time: 6.554
Inference time: 6.538
Inference time: 6.431
Inference time: 7.555
Inference time: 6.800
Inference time: 6.311
Inference time: 6.722
Inference time: 7.005
Inference time: 7.288
Inference time: 7.403
Inference time: 6.987
Inference time: 6.571
Inference time: 6.531
Inference time: 6.551
Inference time: 6.824
Inference time: 7.203
Inference time: 7.226
Inference time: 6.735
Inference time: 6.651
Inference time: 7.355
Inference time: 7.229
Inference time: 6.396
Inference time: 7.875
Inference time: 6.797
Inference time: 7.913
Inference time: 7.386
Inference time: 7.018
Inference time: 7.048
Inference time: 7.633
Inference time: 6.951
Inference time: 6.917
Inference time: 6.600
Inference time: 6.992
Inference time: 6.819
Inference time: 8.554
Inference time: 8.073
Inference time: 7.748
Inference time: 6.602
Inference time: 6.439
Inference time: 7.430
Inference time: 6.972
Inference time: 6.513
Inference time: 6.735
Inference time: 7.016
Inference time: 7.113
Inference time: 6.621
Inference time: 615.349
Inference time: 6.962
Inference time: 6.530
Inference time: 6.471
Inference time: 6.581
Inference time: 6.800
Inference time: 7.007
Inference time: 266.863
Inference time: 6.902
Inference time: 8.175
Inference time: 6.760
Inference time: 6.632
Inference time: 6.619
Inference time: 6.477
Inference time: 6.794
Inference time: 6.795
Inference time: 6.249
Inference time: 6.962
Inference time: 6.445
Inference time: 6.432
Inference time: 7.197
Inference time: 6.456
Inference time: 6.757
Inference time: 6.705
Inference time: 6.722
Inference time: 6.599
Inference time: 6.387
Inference time: 6.597
Inference time: 6.651
Inference time: 6.331
Inference time: 6.314
Inference time: 6.423
Inference time: 6.705
Inference time: 6.641
Inference time: 6.870
Inference time: 7.030
Inference time: 7.349
Inference time: 7.160
Inference time: 6.745
Inference time: 6.630
Inference time: 6.342
Inference time: 6.409
Inference time: 6.816
Inference time: 7.026
Inference time: 6.578
Inference time: 6.615
Inference time: 6.509
Inference time: 7.344
Inference time: 8.112
Inference time: 11.857
Inference time: 7.667
Inference time: 7.839
Inference time: 8.897
Inference time: 7.661
Inference time: 6.697
Inference time: 6.550
Inference time: 6.560
Inference time: 6.737
Inference time: 7.095
Inference time: 7.436
Inference time: 6.922
Inference time: 6.502
Inference time: 7.368
Inference time: 6.611
Inference time: 6.730
Inference time: 6.969
Inference time: 7.152
Inference time: 7.198
Inference time: 6.998
Inference time: 7.737
Inference time: 7.726
Inference time: 7.244
Inference time: 6.769
Inference time: 7.029
Inference time: 6.767
Inference time: 6.841
Inference time: 7.164
Inference time: 9.973
Inference time: 7.481
Inference time: 6.925
Inference time: 6.751
Inference time: 7.512
Inference time: 7.918
Inference time: 7.014
Inference time: 8.171
Inference time: 7.595
Inference time: 7.834
Inference time: 7.745
Inference time: 6.978
Inference time: 7.022
Inference time: 8.054
Inference time: 8.151
Inference time: 7.112
Inference time: 6.790
Inference time: 7.757
Inference time: 6.812
Inference time: 7.298
Inference time: 7.432
Inference time: 7.987
Inference time: 8.261
Inference time: 6.616
Inference time: 7.679
Inference time: 7.755
Inference time: 7.003
Inference time: 6.567
Inference time: 6.677
Inference time: 6.634
Inference time: 7.557
Inference time: 7.428
Inference time: 7.137
Inference time: 6.900
Inference time: 6.991
Inference time: 8.119
Inference time: 8.700
Inference time: 7.161
Inference time: 6.679
Inference time: 6.658
Inference time: 7.215
Inference time: 6.877
Inference time: 6.800
Inference time: 7.978
Inference time: 7.080
Inference time: 6.852
Inference time: 8.888
Inference time: 8.026
Inference time: 7.767
Inference time: 6.581
Inference time: 6.618
Inference time: 6.270
Inference time: 6.639
Inference time: 7.626
Inference time: 8.102
Inference time: 7.088
Inference time: 6.357
Inference time: 6.645
Inference time: 6.142
Inference time: 6.519
Inference time: 6.646
Inference time: 6.340
Inference time: 6.523
Inference time: 6.321
Inference time: 6.325
Inference time: 6.458
Inference time: 6.368
Inference time: 6.551
Inference time: 6.658
Inference time: 6.376
Inference time: 6.583
Inference time: 6.915
Inference time: 6.541
Inference time: 7.191
Inference time: 6.499
Inference time: 6.088
Inference time: 6.368
Inference time: 6.405
Inference time: 6.299
Inference time: 6.446
Inference time: 6.671
Inference time: 6.610
Inference time: 6.375
Inference time: 6.479
Inference time: 6.523
Inference time: 6.384
Inference time: 7.009
Inference time: 6.372
Inference time: 6.392
Inference time: 6.792
Inference time: 6.294
Inference time: 6.402
Inference time: 6.405
Inference time: 6.167
Inference time: 7.294
Inference time: 7.229
Inference time: 6.089
Inference time: 6.415
Inference time: 6.511
Inference time: 6.415
Inference time: 7.340
Inference time: 7.055
Inference time: 6.607
Inference time: 7.252
Inference time: 6.529
Inference time: 6.442
Inference time: 6.306
Inference time: 6.769
Inference time: 7.099
Inference time: 6.669
Inference time: 6.568
Inference time: 7.050
Inference time: 6.440
Inference time: 6.261
Inference time: 6.418
Inference time: 6.652
Inference time: 6.587
Inference time: 6.418
Inference time: 6.356
Inference time: 6.659
Inference time: 6.511
Inference time: 6.129
Inference time: 6.427
Inference time: 6.252
Inference time: 6.437
Inference time: 6.653
Inference time: 6.535
Inference time: 6.533
Inference time: 6.751
Inference time: 6.656
Inference time: 6.427
Inference time: 6.332
Inference time: 6.177
Inference time: 6.406
Inference time: 6.621
Inference time: 6.798
Inference time: 6.670
Inference time: 6.281
Inference time: 6.381
Inference time: 6.429
Inference time: 6.494
Inference time: 7.240
Inference time: 7.259
Inference time: 7.383
Inference time: 7.647
Inference time: 7.100
Inference time: 7.167
Inference time: 6.966
Inference time: 7.317
Inference time: 7.124
Inference time: 6.572
Inference time: 7.999
Inference time: 6.638
Inference time: 7.835
Inference time: 7.574
Inference time: 7.514
Inference time: 6.540
Inference time: 6.657
Inference time: 6.609
Inference time: 6.858
Inference time: 7.318
Inference time: 6.762
Inference time: 6.617
Inference time: 6.665
Inference time: 6.783
Inference time: 6.796
Inference time: 6.905
Inference time: 6.768
Inference time: 6.918
Inference time: 6.939
Inference time: 6.714
Inference time: 6.813
Inference time: 6.863
Inference time: 6.693
Inference time: 6.674
Inference time: 6.811
Inference time: 6.649
Inference time: 7.778
Inference time: 6.716
Inference time: 7.518
Inference time: 6.771
Inference time: 6.886
Inference time: 6.517
Inference time: 6.824
Inference time: 6.512
Inference time: 6.929
Inference time: 7.043
Inference time: 6.724
Inference time: 6.748
Inference time: 6.817
Inference time: 7.896
Inference time: 6.459
Inference time: 6.216
Inference time: 6.793
Inference time: 6.585
Inference time: 6.236
Inference time: 6.549
Inference time: 6.437
Inference time: 7.269
Inference time: 6.278
Inference time: 6.588
Inference time: 6.715
Inference time: 6.457
Inference time: 6.785
Inference time: 6.650
Inference time: 6.656
Inference time: 7.472
Inference time: 6.639
Inference time: 6.696
Inference time: 6.600
Inference time: 6.358
Inference time: 6.449
Inference time: 6.812
Inference time: 6.586
Inference time: 8.011
Inference time: 7.218
Inference time: 6.808
Inference time: 6.343
Inference time: 6.369
Inference time: 6.467
Inference time: 6.277
Inference time: 6.517
Inference time: 6.552
Inference time: 6.416
Inference time: 6.589
Inference time: 6.250
Inference time: 6.509
Inference time: 6.429
Inference time: 6.334
Inference time: 6.560
Inference time: 6.559
Inference time: 6.691
Inference time: 6.748
Inference time: 6.457
Inference time: 6.300
Inference time: 6.168
Inference time: 6.330
Inference time: 6.517
Inference time: 6.518
Inference time: 6.445
Inference time: 6.289
Inference time: 6.464
Inference time: 6.617
Inference time: 6.398
Inference time: 6.312
Inference time: 6.377
Inference time: 6.430
Inference time: 6.508
Inference time: 6.516
Inference time: 6.484
Inference time: 6.728
Inference time: 6.645
Inference time: 6.776
Inference time: 6.908
Inference time: 6.174
Inference time: 6.540
Inference time: 6.342
Inference time: 6.448
Inference time: 6.288
Inference time: 6.570
Inference time: 7.730
Inference time: 6.489
Inference time: 6.855
Inference time: 6.811
Inference time: 6.584
Inference time: 7.139
Inference time: 6.973
Inference time: 6.659
Inference time: 6.826
Inference time: 6.888
Inference time: 6.947
Inference time: 6.862
Inference time: 6.332
Inference time: 6.747
Inference time: 6.589
Inference time: 6.668
Inference time: 6.630
Inference time: 6.626
Inference time: 6.589
Inference time: 7.268
Inference time: 6.572
Inference time: 6.536
Inference time: 6.517
Inference time: 6.883
Inference time: 6.773
Inference time: 6.541
Inference time: 7.121
Inference time: 6.734
Inference time: 6.438
Inference time: 6.439
Inference time: 6.513
Inference time: 6.315
Inference time: 6.620
Inference time: 6.467
Inference time: 6.341
Inference time: 6.464
Inference time: 6.467
Inference time: 6.243
Inference time: 6.226
Inference time: 6.352
Inference time: 6.122
Inference time: 6.347
Inference time: 6.750
Inference time: 6.519
Inference time: 6.648
Inference time: 6.429
Inference time: 6.551
Inference time: 6.592
Inference time: 6.183
Inference time: 6.649
Inference time: 6.544
Inference time: 6.440
Inference time: 6.436
Inference time: 6.330
Inference time: 7.170
Inference time: 6.465
Inference time: 6.464
Inference time: 6.371
Inference time: 6.264
Inference time: 6.630
Inference time: 6.808
Inference time: 6.465
Inference time: 6.562
Inference time: 6.479
Inference time: 6.523
Inference time: 6.500
Inference time: 6.241
Inference time: 6.175
Inference time: 6.639
Inference time: 6.293
Inference time: 6.730
Inference time: 7.372
Inference time: 6.961
Inference time: 6.801
Inference time: 6.939
Inference time: 8.159
Inference time: 7.169
Inference time: 6.844
Inference time: 7.739
Inference time: 7.606
Inference time: 7.129
Inference time: 6.698
Inference time: 6.757
Inference time: 6.914
Inference time: 7.314
Inference time: 7.134
Inference time: 6.807
Inference time: 7.199
Inference time: 6.922
Inference time: 6.929
Inference time: 6.723
Inference time: 6.450
Inference time: 6.269
Inference time: 6.491
Inference time: 6.698
Inference time: 7.654
Inference time: 6.847
Inference time: 6.439
Inference time: 6.623
Inference time: 7.153
Inference time: 6.497
Inference time: 6.128
Inference time: 7.227
Inference time: 6.870
Inference time: 6.134
Inference time: 6.442
Inference time: 7.463
Inference time: 7.946
Inference time: 7.026
Inference time: 6.536
Inference time: 6.614
Inference time: 6.454
Inference time: 6.875
Inference time: 6.578
Inference time: 6.449
Inference time: 6.956
Inference time: 6.529
Inference time: 6.467
Inference time: 6.068
Inference time: 6.450
Inference time: 6.523
Inference time: 6.422
Inference time: 6.639
Inference time: 6.736
Inference time: 6.600
Inference time: 6.637
Inference time: 6.431
Inference time: 6.431
Inference time: 6.456
Inference time: 6.766
Inference time: 6.474
Inference time: 6.428
Inference time: 6.784
Inference time: 8.210
Inference time: 7.514
Inference time: 7.167
Inference time: 6.849
Inference time: 6.799
Inference time: 6.955
Inference time: 6.818
Inference time: 6.857
Inference time: 7.199
Inference time: 6.730
Inference time: 6.706
Inference time: 6.495
Inference time: 7.426
Inference time: 6.765
Inference time: 6.878
Inference time: 6.961
Inference time: 6.727
Inference time: 6.726
Inference time: 6.656
Inference time: 6.494
Inference time: 6.748
Inference time: 7.629
Inference time: 6.882
Inference time: 6.483
Inference time: 6.590
Inference time: 6.986
Inference time: 7.481
Inference time: 6.600
Inference time: 6.760
Inference time: 6.187
Inference time: 6.776
Inference time: 6.773
Inference time: 6.957
Inference time: 6.671
Inference time: 6.796
Inference time: 6.965
Inference time: 6.949
Inference time: 6.537
Inference time: 6.730
Inference time: 6.950
Inference time: 6.411
Inference time: 6.230
Inference time: 7.151
Inference time: 6.805
Inference time: 6.727
Inference time: 6.482
Inference time: 6.553
Inference time: 6.522
Inference time: 6.731
Inference time: 6.800
Inference time: 7.380
Inference time: 6.681
Inference time: 7.687
Inference time: 6.898
Inference time: 7.186
Inference time: 7.039
Inference time: 7.144
Inference time: 6.863
Inference time: 6.901
Inference time: 6.845
Inference time: 7.045
Inference time: 7.129
Inference time: 6.981
Inference time: 7.260
Inference time: 6.957
Inference time: 7.232
Inference time: 6.844
Inference time: 6.908
Inference time: 8.223
Inference time: 6.571
Inference time: 6.517
Inference time: 6.521
Inference time: 6.457
Inference time: 6.554
Inference time: 6.589
Inference time: 6.456
Inference time: 6.724
Inference time: 6.863
Inference time: 7.252
Inference time: 6.462
Inference time: 6.660
Inference time: 7.060
Inference time: 7.086
Inference time: 6.795
Inference time: 7.217
Inference time: 7.017
Inference time: 6.845
Inference time: 6.825
Inference time: 6.734
Inference time: 7.052
Inference time: 6.875
Inference time: 7.129
Inference time: 6.355
Inference time: 6.425
Inference time: 6.663
Inference time: 6.421
Inference time: 6.918
Inference time: 6.981
Inference time: 6.451
Inference time: 6.559
Inference time: 6.378
Inference time: 6.750
Inference time: 6.750
Inference time: 6.670
Inference time: 6.934
Inference time: 6.529
Inference time: 6.473
Inference time: 6.327
Inference time: 6.515
Inference time: 6.538
Inference time: 6.649
Inference time: 6.561
Inference time: 6.700
Inference time: 6.409
Inference time: 6.363
Inference time: 6.595
Inference time: 6.424
Inference time: 6.367
Inference time: 6.359
Inference time: 6.859
Inference time: 6.658
Inference time: 6.436
Inference time: 6.345
Inference time: 6.407
Inference time: 6.526
Inference time: 6.274
Inference time: 7.006
Inference time: 6.510
Inference time: 6.457
Inference time: 6.455
Inference time: 6.433
Inference time: 7.231
Inference time: 6.254
Inference time: 6.311
Inference time: 6.625
Inference time: 6.860
Inference time: 6.620
Inference time: 6.904
Inference time: 6.786
Inference time: 7.013
Inference time: 7.057
Inference time: 6.890
Inference time: 6.688
Inference time: 7.616
Inference time: 7.039
Inference time: 6.711
Inference time: 7.061
Inference time: 7.014
Inference time: 7.718
Inference time: 6.882
Inference time: 6.868
Inference time: 6.655
Inference time: 6.995
Inference time: 6.638
Inference time: 7.778
Inference time: 6.981
Inference time: 7.612
Inference time: 7.961
Inference time: 6.434
Inference time: 6.625
Inference time: 6.682
Inference time: 6.551
Inference time: 6.595
Inference time: 6.300
Inference time: 6.899
Inference time: 6.639
Inference time: 6.704
Inference time: 6.522
Inference time: 6.564
Inference time: 7.454
Inference time: 6.602
Inference time: 6.944
Inference time: 7.159
Inference time: 7.176
Inference time: 7.182
Inference time: 6.961
Inference time: 6.379
Inference time: 6.724
Inference time: 6.408
Inference time: 7.101
Inference time: 6.412
Inference time: 6.510
Inference time: 6.339
Inference time: 7.593
Inference time: 6.419
Inference time: 6.327
Inference time: 6.484
Inference time: 6.390
Inference time: 6.521
Inference time: 6.849
Inference time: 6.529
Inference time: 6.324
Inference time: 6.566
Inference time: 6.826
Inference time: 6.570
Inference time: 6.828
Inference time: 6.770
Inference time: 6.391
Inference time: 6.728
Inference time: 6.686
Inference time: 6.618
Inference time: 6.867
Inference time: 6.777
Inference time: 6.492
Inference time: 7.097
Inference time: 6.551
Inference time: 6.454
Inference time: 6.867
Inference time: 6.836
Inference time: 6.636
Inference time: 7.377
Inference time: 6.498
Inference time: 6.517
Inference time: 6.813
Inference time: 6.953
Inference time: 6.474
Inference time: 6.836
Inference time: 7.429
Inference time: 6.808
Inference time: 6.594
Inference time: 6.386
Inference time: 6.760
Inference time: 6.833
Inference time: 6.644
Inference time: 6.874
Inference time: 7.079
Inference time: 6.589
Inference time: 6.553
Inference time: 6.739
Inference time: 6.337
Inference time: 6.824
Inference time: 6.767
Inference time: 6.843
Inference time: 6.523
Inference time: 6.460
Inference time: 7.306
Inference time: 7.426
Inference time: 6.620
Inference time: 6.824
Inference time: 6.549
Inference time: 6.694
Inference time: 6.678
Inference time: 6.984
Inference time: 7.642
Inference time: 6.465
Inference time: 6.800
Inference time: 6.785
Inference time: 6.677
Inference time: 6.778
Inference time: 6.623
Inference time: 6.756
Inference time: 6.505
Inference time: 6.742
Inference time: 6.334
Inference time: 6.683
Inference time: 6.920
Inference time: 6.612
Inference time: 6.726
Inference time: 6.293
Inference time: 6.682
Inference time: 6.758
Inference time: 6.758
Inference time: 7.414
Inference time: 6.970
Inference time: 12.682
Inference time: 7.219
Inference time: 7.155
Inference time: 6.318
Inference time: 6.274
Inference time: 6.436
Inference time: 6.416
Inference time: 6.288
Inference time: 6.308
Inference time: 6.702
Inference time: 6.318
Inference time: 6.217
Inference time: 6.406
Inference time: 6.542
Inference time: 6.405
Inference time: 6.319
Inference time: 6.339
Inference time: 6.378
Inference time: 6.404
Inference time: 6.363
Inference time: 6.418
Inference time: 6.361
Inference time: 6.353
Inference time: 6.200
Inference time: 6.172
Inference time: 6.785
Inference time: 6.374
Inference time: 6.113
Inference time: 6.303
Inference time: 6.471
Inference time: 6.327
Inference time: 6.341
Inference time: 6.718
Inference time: 6.218
Inference time: 6.319
Inference time: 6.475
Inference time: 6.696
Inference time: 6.457
Inference time: 6.149
Inference time: 6.258
Inference time: 6.336
Inference time: 6.409
Inference time: 6.542
Inference time: 6.176
Inference time: 6.442
Inference time: 6.264
Inference time: 6.122
Inference time: 6.774
Inference time: 5.999
Inference time: 6.740
Inference time: 6.329
Inference time: 6.194
Inference time: 6.451
Inference time: 6.955
Inference time: 6.443
Inference time: 6.333
Inference time: 6.288
Inference time: 6.476
Inference time: 6.733
Inference time: 6.407
Inference time: 7.250
Inference time: 6.397
Inference time: 6.452
Inference time: 6.351
Inference time: 6.447
Inference time: 6.346
Inference time: 6.762
Inference time: 6.575
Inference time: 7.306
Inference time: 6.379
Inference time: 6.472
Inference time: 6.397
Inference time: 6.614
Inference time: 6.524
Inference time: 6.378
Inference time: 6.620
Inference time: 6.564
Inference time: 6.248
Inference time: 6.491
Inference time: 6.379
Inference time: 6.928
Inference time: 6.565
Inference time: 6.297
Inference time: 6.459
Inference time: 6.357
Inference time: 6.404
Inference time: 6.584
Inference time: 6.374
Inference time: 6.261
Inference time: 6.243
Inference time: 6.407
Inference time: 6.396
Inference time: 6.710
Inference time: 6.729
Inference time: 6.489
Inference time: 6.111
Inference time: 6.428
Inference time: 6.350
Inference time: 6.236
Inference time: 6.332
Inference time: 6.657
Inference time: 6.395
Inference time: 6.266
Inference time: 6.464
Inference time: 6.783
Inference time: 6.507
Inference time: 6.448
Inference time: 6.537
Inference time: 6.663
Inference time: 6.349
Inference time: 6.458
Inference time: 6.556
Inference time: 6.499
Inference time: 6.426
Inference time: 6.484
Inference time: 6.253
Inference time: 6.313
Inference time: 6.222
Inference time: 6.455
Inference time: 6.499
Inference time: 6.099
Inference time: 6.331
Inference time: 6.341
Inference time: 6.716
Inference time: 6.459
Inference time: 6.307
Inference time: 5.895
Inference time: 6.550
Inference time: 6.248
Inference time: 6.264
Inference time: 6.529
Inference time: 6.744
Inference time: 6.540
Inference time: 6.231
Inference time: 6.373
Inference time: 6.600
Inference time: 6.469
Inference time: 6.593
Inference time: 6.465
Inference time: 6.601
Inference time: 6.727
Inference time: 6.608
Inference time: 6.574
Inference time: 6.509
Inference time: 6.522
Inference time: 6.421
Inference time: 6.494
Inference time: 6.407
Inference time: 6.331
Inference time: 6.560
Inference time: 6.409
Inference time: 7.231
Inference time: 6.320
Inference time: 6.294
Inference time: 6.400
Inference time: 6.462
Inference time: 6.335
Inference time: 6.701
Inference time: 6.420
Inference time: 6.829
Inference time: 6.655
Inference time: 6.514
Inference time: 6.447
Inference time: 6.766
Inference time: 6.289
Inference time: 6.440
Inference time: 6.462
Inference time: 6.263
Inference time: 6.475
Inference time: 6.323
Inference time: 6.236
Inference time: 6.572
Inference time: 6.352
Inference time: 6.281
Inference time: 6.535
Inference time: 6.398
Inference time: 6.432
Inference time: 6.517
Inference time: 6.533
Inference time: 6.472
Inference time: 6.281
Inference time: 6.432
Inference time: 6.430
Inference time: 8.973
Inference time: 10.145
Inference time: 6.991
Inference time: 6.890
Inference time: 6.445
Inference time: 6.253
Inference time: 6.853
Inference time: 6.267
Inference time: 6.389
Inference time: 6.334
Inference time: 6.361
Inference time: 6.184
Inference time: 6.466
Inference time: 6.390
Inference time: 6.262
Inference time: 6.166
Inference time: 6.200
Inference time: 6.266
Inference time: 6.207
Inference time: 6.221
Inference time: 6.383
Inference time: 6.291
Inference time: 6.082
Inference time: 6.541
Inference time: 6.368
Inference time: 6.267
Inference time: 6.383
Inference time: 6.478
Inference time: 6.312
Inference time: 6.395
Inference time: 6.368
Inference time: 6.313
Inference time: 6.374
Inference time: 6.109
Inference time: 6.407
Inference time: 6.319
Inference time: 6.417
Inference time: 6.315
Inference time: 6.599
Inference time: 6.244
Inference time: 6.259
Inference time: 6.515
Inference time: 6.442
Inference time: 6.332
Inference time: 6.329
Inference time: 6.202
Inference time: 6.352
Inference time: 6.345
Inference time: 6.368
Inference time: 6.930
Inference time: 6.344
Inference time: 6.339
Inference time: 6.542
Inference time: 6.509
Inference time: 6.402
Inference time: 6.395
Inference time: 6.721
Inference time: 6.480
Inference time: 6.438
Inference time: 7.002
Inference time: 6.106
Inference time: 6.302
Inference time: 6.927
Inference time: 6.814
Inference time: 6.386
Inference time: 6.502
Inference time: 6.581
Inference time: 7.052
Inference time: 6.578
Inference time: 6.435
Inference time: 6.398
Inference time: 6.647
Inference time: 6.726
Inference time: 6.439
Inference time: 6.198
Inference time: 6.358
Inference time: 6.418
Inference time: 6.183
Inference time: 6.551
Inference time: 6.263
Inference time: 6.474
Inference time: 6.314
Inference time: 6.507
Inference time: 6.436
Inference time: 6.422
Inference time: 6.367
Inference time: 6.643
Inference time: 6.237
Inference time: 6.370
Inference time: 7.186
Inference time: 6.779
Inference time: 6.392
Inference time: 6.449
Inference time: 6.449
Inference time: 6.193
Inference time: 6.560
Inference time: 6.374
Inference time: 6.179
Inference time: 6.442
Inference time: 7.008
Inference time: 6.831
Inference time: 6.499
Inference time: 6.506
Inference time: 6.366
Inference time: 6.629
Inference time: 6.527
Inference time: 6.231
Inference time: 6.417
Inference time: 6.225
Inference time: 6.227
Inference time: 6.365
Inference time: 6.324
Inference time: 6.334
Inference time: 6.566
Inference time: 6.139
Inference time: 6.267
Inference time: 6.566
Inference time: 6.814
Inference time: 6.232
Inference time: 6.267
Inference time: 6.884
Inference time: 6.403
Inference time: 6.329
Inference time: 6.237
Inference time: 6.331
Inference time: 6.175
Inference time: 6.459
Inference time: 6.195
Inference time: 5.997
Inference time: 6.454
Inference time: 6.683
Inference time: 6.382
Inference time: 6.438
Inference time: 6.300
Inference time: 6.511
Inference time: 6.401
Inference time: 6.418
Inference time: 6.658
Inference time: 6.348
Inference time: 6.475
Inference time: 6.214
Inference time: 6.434
Inference time: 6.361
Inference time: 6.382
Inference time: 6.170
Inference time: 6.838
Inference time: 6.239
Inference time: 6.487
Inference time: 6.340
Inference time: 6.352
Inference time: 7.096
Inference time: 6.419
Inference time: 6.244
Inference time: 6.312
Inference time: 6.321
Inference time: 6.312
Inference time: 6.285
Inference time: 6.353
Inference time: 6.590
Inference time: 7.049
Inference time: 6.341
Inference time: 6.350
Inference time: 6.312
Inference time: 6.392
Inference time: 6.463
Inference time: 6.405
Inference time: 6.464
Inference time: 6.458
Inference time: 6.109
Inference time: 6.294
Inference time: 6.292
Inference time: 6.574
Inference time: 6.655
Inference time: 6.357
Inference time: 6.390
Inference time: 6.231
Inference time: 6.346
Inference time: 6.212
Inference time: 6.405
Inference time: 6.543
Inference time: 6.361
Inference time: 6.389
Inference time: 6.324
Inference time: 6.638
Inference time: 6.698
Inference time: 6.418
Inference time: 6.666
Inference time: 6.520
Inference time: 6.154
Inference time: 6.515
Inference time: 6.154
Inference time: 6.500
Inference time: 6.431
Inference time: 6.320
Inference time: 6.477
Inference time: 6.335
Inference time: 6.447
Inference time: 6.517
Inference time: 6.598
Inference time: 6.766
Inference time: 7.337
Inference time: 6.064
Inference time: 6.471
Inference time: 6.221
Inference time: 6.357
Inference time: 6.280
Inference time: 6.390
Inference time: 7.384
Inference time: 6.663
Inference time: 6.914
Inference time: 6.755
Inference time: 6.420
Inference time: 6.378
Inference time: 6.342
Inference time: 6.405
Inference time: 6.510
Inference time: 6.615
Inference time: 6.247
Inference time: 6.661
Inference time: 6.245
Inference time: 6.337
Inference time: 6.366
Inference time: 6.313
Inference time: 6.358
Inference time: 6.235
Inference time: 6.544
Inference time: 6.107
Inference time: 6.551
Inference time: 6.572
Inference time: 6.269
Inference time: 6.399
Inference time: 6.594
Inference time: 6.218
Inference time: 6.492
Inference time: 6.050
Inference time: 6.418
Inference time: 6.383
Inference time: 6.458
Inference time: 6.695
Inference time: 6.434
Inference time: 6.290
Inference time: 6.327
Inference time: 7.141
Inference time: 6.339
Inference time: 6.412
Inference time: 6.157
Inference time: 6.500
Inference time: 6.884
Inference time: 6.411
Inference time: 6.583
Inference time: 7.070
Inference time: 6.515
Inference time: 6.237
Inference time: 6.442
Inference time: 6.199
Inference time: 7.471
Inference time: 6.277
Inference time: 6.296
Inference time: 6.512
Inference time: 6.433
Inference time: 6.222
Inference time: 6.262
Inference time: 6.532
Inference time: 6.333
Inference time: 6.329
Inference time: 6.340
Inference time: 6.192
Inference time: 6.354
Inference time: 6.449
Inference time: 6.475
Inference time: 6.242
Inference time: 6.480
Inference time: 6.387
Inference time: 6.108
Inference time: 6.235
Inference time: 6.464
Inference time: 6.553
Inference time: 6.267
Inference time: 6.404
Inference time: 6.403
Inference time: 6.320
Inference time: 6.920
Inference time: 6.425
Inference time: 7.032
Inference time: 6.435
Inference time: 6.432
Inference time: 6.395
Inference time: 6.625
Inference time: 6.564
Inference time: 6.308
Inference time: 6.733
Inference time: 6.424
Inference time: 6.398
Inference time: 6.578
Inference time: 6.601
Inference time: 6.627
Inference time: 6.371
Inference time: 6.439
Inference time: 6.620
Inference time: 6.465
Inference time: 6.725
Inference time: 6.547
Inference time: 6.386
Inference time: 6.733
Inference time: 6.428
Inference time: 6.570
Inference time: 6.612
Inference time: 6.587
Inference time: 6.500
Inference time: 6.249
Inference time: 6.861
Inference time: 6.259
Inference time: 6.712
Inference time: 6.457
Inference time: 6.583
Inference time: 6.426
Inference time: 6.321
Inference time: 6.426
Inference time: 6.253
Inference time: 6.276
Inference time: 6.228
Inference time: 6.222
Inference time: 6.272
Inference time: 6.368
Inference time: 6.575
Inference time: 6.740
Inference time: 6.808
Inference time: 6.363
Inference time: 6.357
Inference time: 6.429
Inference time: 6.465
Inference time: 6.521
Inference time: 6.178
Inference time: 7.184
Inference time: 6.443
Inference time: 6.350
Inference time: 6.376
Inference time: 6.783
Inference time: 7.289
Inference time: 6.502
Inference time: 6.298
Inference time: 7.023
Inference time: 6.703
Inference time: 6.871
Inference time: 6.751
Inference time: 6.925
Inference time: 6.642
Inference time: 6.193
Inference time: 6.664
Inference time: 6.761
Inference time: 6.574
Inference time: 6.713
Inference time: 6.553
Inference time: 6.431
Inference time: 6.444
Inference time: 6.345
Inference time: 6.449
Inference time: 6.460
Inference time: 6.204
Inference time: 6.474
Inference time: 6.457
Inference time: 6.647
Inference time: 6.316
Inference time: 6.291
Inference time: 6.910
Inference time: 6.544
Inference time: 6.207
Inference time: 6.151
Inference time: 6.304
Inference time: 6.453
Inference time: 6.344
Inference time: 6.325
Inference time: 6.301
Inference time: 6.421
Inference time: 6.361
Inference time: 6.124
Inference time: 6.244
Inference time: 6.396
Inference time: 6.269
Inference time: 6.331
Inference time: 6.493
Inference time: 6.082
Inference time: 6.427
Inference time: 6.620
Inference time: 6.536
Inference time: 6.277
Inference time: 6.694
Inference time: 6.384
Inference time: 6.188
Inference time: 6.407
Inference time: 6.181
Inference time: 6.398
Inference time: 6.254
Inference time: 6.530
Inference time: 6.247
Inference time: 6.296
Inference time: 6.849
Inference time: 6.482
Inference time: 6.410
Inference time: 6.595
Inference time: 6.416
Inference time: 6.653
Inference time: 6.375
Inference time: 6.641
Inference time: 6.381
Inference time: 6.536
Inference time: 6.554
Inference time: 6.133
Inference time: 6.208
Inference time: 6.785
Inference time: 6.560
Inference time: 6.251
Inference time: 6.369
Inference time: 6.443
Inference time: 6.253
Inference time: 6.479
Inference time: 6.633
Inference time: 6.389
Inference time: 6.375
Inference time: 6.535
Inference time: 7.063
Inference time: 6.502
Inference time: 6.511
Inference time: 6.785
Inference time: 7.485
Inference time: 6.518
Inference time: 6.167
Inference time: 6.332
Inference time: 6.550
Inference time: 6.640
Inference time: 6.119
Inference time: 6.250
Inference time: 6.995
Inference time: 6.535
Inference time: 6.513
Inference time: 6.587
Inference time: 6.544
Inference time: 6.445
Inference time: 6.269
Inference time: 6.517
Inference time: 6.994
Inference time: 6.830
Inference time: 6.284
Inference time: 6.592
Inference time: 6.311
Inference time: 6.491
Inference time: 6.377
Inference time: 6.893
Inference time: 6.535
Inference time: 6.485
Inference time: 6.391
Inference time: 6.298
Inference time: 6.394
Inference time: 6.243
Inference time: 6.355
Inference time: 6.346
Inference time: 6.190
Inference time: 6.508
Inference time: 6.489
Inference time: 6.345
Inference time: 6.348
Inference time: 6.372
Inference time: 6.342
Inference time: 6.310
Inference time: 6.385
Inference time: 6.391
Inference time: 6.441
Inference time: 6.642
Inference time: 6.607
Inference time: 6.299
Inference time: 6.646
Inference time: 6.410
Inference time: 6.547
Inference time: 6.704
Inference time: 6.508
Inference time: 6.890
Inference time: 6.464
Inference time: 6.503
Inference time: 6.521
Inference time: 6.475
Inference time: 6.312
Inference time: 6.239
Inference time: 6.462
Inference time: 6.433
Inference time: 6.335
Inference time: 6.332
Inference time: 7.072
Inference time: 6.381
Inference time: 6.337
Inference time: 6.647
Inference time: 6.686
Inference time: 6.580
Inference time: 6.397
Inference time: 6.401
Inference time: 6.476
Inference time: 6.713
Inference time: 6.443
Inference time: 6.759
Inference time: 6.585
Inference time: 6.424
Inference time: 6.532
Inference time: 6.528
Inference time: 6.426
Inference time: 6.401
Inference time: 6.649
Inference time: 6.682
Inference time: 6.511
Inference time: 6.155
Inference time: 6.276
Inference time: 6.472
Inference time: 6.190
Inference time: 6.356
Inference time: 6.241
Inference time: 6.184
Inference time: 6.293
Inference time: 7.415
Inference time: 6.791
Inference time: 6.435
Inference time: 6.431
Inference time: 6.617
Inference time: 6.348
Inference time: 6.363
Inference time: 6.477
Inference time: 6.982
Inference time: 6.456
Inference time: 6.676
Inference time: 6.696
Inference time: 6.666
Inference time: 6.492
Inference time: 6.656
Inference time: 7.098
Inference time: 6.444
Inference time: 6.275
Inference time: 6.260
Inference time: 6.416
Inference time: 6.320
Inference time: 6.252
Inference time: 6.548
Inference time: 6.312
Inference time: 6.507
Inference time: 6.233
Inference time: 6.474
Inference time: 6.267
Inference time: 6.467
Inference time: 6.495
Inference time: 6.404
Inference time: 6.456
Inference time: 6.236
Inference time: 6.400
Inference time: 6.327
Inference time: 6.494
Inference time: 6.482
Inference time: 6.349
Inference time: 6.483
Inference time: 6.492
Inference time: 6.431
Inference time: 6.307
Inference time: 6.574
Inference time: 6.820
Inference time: 6.444
Inference time: 6.535
Inference time: 6.301
Inference time: 6.743
Inference time: 6.369
Inference time: 6.476
Inference time: 6.392
Inference time: 6.444
Inference time: 6.392
Inference time: 6.330
Inference time: 6.558
Inference time: 6.623
Inference time: 6.299
Inference time: 6.473
Inference time: 6.446
Inference time: 6.432
Inference time: 6.820
Inference time: 6.493
Inference time: 6.514
Inference time: 6.462
Inference time: 6.397
Inference time: 6.690
Inference time: 6.607
Inference time: 6.716
Inference time: 6.630
Inference time: 6.449
Inference time: 6.985
Inference time: 6.489
Inference time: 6.548
Inference time: 6.318
Inference time: 6.384
Inference time: 6.366
Inference time: 6.350
Inference time: 6.378
Inference time: 6.572
Inference time: 6.258
Inference time: 6.389
Inference time: 6.523
Inference time: 6.522
Inference time: 6.395
Inference time: 6.256
Inference time: 6.343
Inference time: 6.446
Inference time: 6.489
Inference time: 6.543
Inference time: 6.570
Inference time: 6.841
Inference time: 6.589
Inference time: 6.307
Inference time: 6.446
Inference time: 6.570
Inference time: 6.641
Inference time: 6.303
Inference time: 6.302
Inference time: 6.780
Inference time: 7.388
Inference time: 6.873
Inference time: 6.485
Inference time: 6.612
Inference time: 6.267
Inference time: 6.148
Inference time: 6.503
Inference time: 6.543
Inference time: 9.068
Inference time: 7.646
Inference time: 8.225
Inference time: 6.476
Inference time: 6.426
Inference time: 6.373
Inference time: 6.319
Inference time: 6.396
Inference time: 6.502
Inference time: 6.251
Inference time: 6.484
Inference time: 6.307
Inference time: 6.645
Inference time: 6.261
Inference time: 6.414
Inference time: 6.200
Inference time: 6.405
Inference time: 6.541
Inference time: 6.538
Inference time: 6.378
Inference time: 6.453
Inference time: 6.332
Inference time: 6.374
Inference time: 6.479
Inference time: 6.075
Inference time: 6.671
Inference time: 6.520
Inference time: 6.373
Inference time: 6.296
Inference time: 6.362
Inference time: 6.393
Inference time: 6.335
Inference time: 6.430
Inference time: 6.477
Inference time: 6.345
Inference time: 6.321
Inference time: 6.505
Inference time: 6.610
Inference time: 6.326
Inference time: 6.614
Inference time: 6.245
Inference time: 6.518
Inference time: 6.486
Inference time: 6.325
Inference time: 6.437
Inference time: 6.546
Inference time: 6.497
Inference time: 6.455
Inference time: 6.686
Inference time: 6.409
Inference time: 6.766
Inference time: 6.730
Inference time: 6.627
Inference time: 6.338
Inference time: 6.432
Inference time: 6.408
Inference time: 6.297
Inference time: 6.201
Inference time: 6.607
Inference time: 6.353
Inference time: 6.491
Inference time: 6.302
Inference time: 6.300
Inference time: 6.447
Inference time: 6.493
Inference time: 6.286
Inference time: 6.300
Inference time: 6.606
Inference time: 6.349
Inference time: 6.697
Inference time: 6.262
Inference time: 7.106
Inference time: 6.977
Inference time: 6.905
Inference time: 7.522
Inference time: 6.583
Inference time: 6.408
Inference time: 6.462
Inference time: 6.518
Inference time: 6.345
Inference time: 6.333
Inference time: 6.283
Inference time: 6.746
Inference time: 6.279
Inference time: 6.452
Inference time: 6.427
Inference time: 6.490
Inference time: 6.252
Inference time: 6.354
Inference time: 6.451
Inference time: 6.541
Inference time: 6.300
Inference time: 6.313
Inference time: 6.433
Inference time: 6.317
Inference time: 6.480
Inference time: 6.493
Inference time: 6.409
Inference time: 6.412
Inference time: 6.537
Inference time: 7.006
Inference time: 6.319
Inference time: 6.219
Inference time: 6.316
Inference time: 6.397
Inference time: 6.875
Inference time: 6.328
Inference time: 6.329
Inference time: 6.393
Inference time: 6.477
Inference time: 6.290
Inference time: 6.253
Inference time: 6.062
Inference time: 6.364
Inference time: 6.595
Inference time: 6.184
Inference time: 6.202
Inference time: 6.307
Inference time: 6.327
Inference time: 6.321
Inference time: 6.196
Inference time: 6.387
Inference time: 6.634
Inference time: 6.299
Inference time: 6.662
Inference time: 7.016
Inference time: 6.647
Inference time: 6.520
Inference time: 7.108
Inference time: 6.409
Inference time: 6.386
Inference time: 6.491
Inference time: 6.357
Inference time: 6.356
Inference time: 6.422
Inference time: 6.420
Inference time: 6.267
Inference time: 6.593
Inference time: 6.298
Inference time: 6.561
Inference time: 6.542
Inference time: 6.598
Inference time: 6.392
Inference time: 7.039
Inference time: 6.436
Inference time: 6.369
Inference time: 6.373
Inference time: 6.538
Inference time: 6.580
Inference time: 6.782
Inference time: 6.447
Inference time: 6.593
Inference time: 6.707
Inference time: 6.963
Inference time: 6.693
Inference time: 6.711
Inference time: 6.397
Inference time: 6.272
Inference time: 6.516
Inference time: 6.534
Inference time: 6.180
Inference time: 6.338
Inference time: 6.477
Inference time: 6.280
Inference time: 6.480
Inference time: 7.117
Inference time: 6.082
Inference time: 6.574
Inference time: 6.308
Inference time: 6.331
Inference time: 6.330
Inference time: 6.271
Inference time: 6.514
Inference time: 6.858
Inference time: 6.180
Inference time: 6.435
Inference time: 6.359
Inference time: 6.314
Inference time: 6.443
Inference time: 6.289
Inference time: 6.637
Inference time: 6.450
Inference time: 6.581
Inference time: 6.609
Inference time: 6.204
Inference time: 6.538
Inference time: 6.661
Inference time: 6.417
Inference time: 6.366
Inference time: 6.494
Inference time: 6.310
Inference time: 6.367
Inference time: 6.449
Inference time: 6.345
Inference time: 6.552
Inference time: 6.440
Inference time: 6.251
Inference time: 6.346
Inference time: 6.379
Inference time: 6.700
Inference time: 6.351
Inference time: 6.432
Inference time: 6.577
Inference time: 6.407
Inference time: 6.258
Inference time: 6.393
Inference time: 6.720
Inference time: 6.776
Inference time: 6.166
Inference time: 6.749
Inference time: 7.092
Inference time: 6.192
Inference time: 6.404
Inference time: 6.542
Inference time: 6.395
Inference time: 6.376
Inference time: 6.368
Inference time: 6.589
Inference time: 6.080
Inference time: 6.222
Inference time: 6.259
Inference time: 6.544
Inference time: 6.482
Inference time: 6.602
Inference time: 6.848
Inference time: 6.583
Inference time: 6.864
Inference time: 6.541
Inference time: 6.719
Inference time: 6.497
Inference time: 6.526
Inference time: 6.504
Inference time: 6.602
Inference time: 6.372
Inference time: 6.594
Inference time: 6.409
Inference time: 6.229
Inference time: 6.337
Inference time: 6.645
Inference time: 6.401
Inference time: 6.240
Inference time: 6.335
Inference time: 6.409
Inference time: 6.357
Inference time: 6.467
Inference time: 6.129
Inference time: 6.327
Inference time: 6.369
Inference time: 6.436
Inference time: 6.233
Inference time: 6.422
Inference time: 6.650
Inference time: 6.508Traceback (most recent call last):
  File "<frozen runpy>", line 198, in _run_module_as_main
  File "<frozen runpy>", line 88, in _run_code
  File "/Users/duncanbraakhekke/Documents/School/master-software/View_Shot_Vision/open_robo_vision/improved_pipelines/preload_embeddings.py", line 269, in <module>
    sys.exit(main())
             ^^^^^^
  File "/Users/duncanbraakhekke/Documents/School/master-software/View_Shot_Vision/open_robo_vision/improved_pipelines/preload_embeddings.py", line 254, in main
    run_preload(
  File "/Users/duncanbraakhekke/Documents/School/master-software/View_Shot_Vision/open_robo_vision/improved_pipelines/preload_embeddings.py", line 183, in run_preload
    "chroma_collection_count": embed_store.count(),
                               ^^^^^^^^^^^^^^^^^^^
  File "/Users/duncanbraakhekke/Documents/School/master-software/View_Shot_Vision/open_robo_vision/improved_pipelines/embedding_store.py", line 44, in count
    return self._collection.count()
           ^^^^^^^^^^^^^^^^^^^^^^^^
  File "/Users/duncanbraakhekke/Documents/School/master-software/View_Shot_Vision/open_robo_vision/.venv/lib/python3.12/site-packages/chromadb/api/models/Collection.py", line 53, in count
    return self._client._count(
           ^^^^^^^^^^^^^^^^^^^^
  File "/Users/duncanbraakhekke/Documents/School/master-software/View_Shot_Vision/open_robo_vision/.venv/lib/python3.12/site-packages/chromadb/api/rust.py", line 367, in _count
    return self.bindings.count(str(collection_id), tenant, database)
           ^^^^^^^^^^^^^^^^^^^^^^^^^^^^^^^^^^^^^^^^^^^^^^^^^^^^^^^^^
chromadb.errors.NotFoundError: Collection [cebadecb-12f7-414c-b6e1-51d7afcaeca1] does not exist.

Inference time: 6.408
Inference time: 6.264
Inference time: 6.178
Inference time: 7.273
Inference time: 6.373
Inference time: 6.417
Inference time: 6.470
Inference time: 6.330
Inference time: 6.352
Inference time: 6.620
Inference time: 6.219
Inference time: 6.670
Inference time: 6.908
Inference time: 6.523
Inference time: 6.315
Inference time: 6.409
Inference time: 6.590
Inference time: 6.388
Inference time: 6.311
Inference time: 6.533
Inference time: 6.272
Inference time: 6.323
Inference time: 6.527
Inference time: 6.376
Inference time: 6.339
Inference time: 6.542
Inference time: 6.509
Inference time: 6.082
Inference time: 6.384
Inference time: 6.443
Inference time: 6.647
Inference time: 6.301
Inference time: 6.439
Inference time: 6.586
Inference time: 6.355
Inference time: 6.577
Inference time: 6.272
Inference time: 6.493
Inference time: 6.411
Inference time: 6.437
Inference time: 6.715
Inference time: 6.319
Inference time: 6.378
Inference time: 6.411
Inference time: 6.366
Inference time: 6.524
Inference time: 6.528
Inference time: 6.593
Inference time: 6.668
Inference time: 6.339
Inference time: 6.306
Inference time: 6.565
Inference time: 6.714
Inference time: 6.431
Inference time: 6.589
Inference time: 6.308
Inference time: 6.490
Inference time: 6.471
Inference time: 6.259
Inference time: 6.222
Inference time: 6.589
Inference time: 6.383
Inference time: 6.417
Inference time: 6.329
Inference time: 6.197
Inference time: 6.127
Inference time: 6.373
Inference time: 6.248
Inference time: 6.552
Inference time: 6.289
Inference time: 6.396
Inference time: 6.457
Inference time: 6.518
Inference time: 6.515
Inference time: 6.226
Inference time: 6.337
Inference time: 6.627
Inference time: 6.491
Inference time: 6.414
Inference time: 6.426
Inference time: 6.047
Inference time: 6.380
Inference time: 6.584
Inference time: 6.715
Inference time: 6.487
Inference time: 6.356
Inference time: 6.356
Inference time: 6.517
Inference time: 6.248
Inference time: 6.882
Inference time: 6.466
Inference time: 6.739
Inference time: 5.931
Inference time: 6.598
Inference time: 7.545
Inference time: 6.918
Inference time: 6.286
Inference time: 6.436
Inference time: 6.451
Inference time: 6.550
Inference time: 6.660
Inference time: 6.282
Inference time: 7.168
Inference time: 7.024
Inference time: 6.625
Inference time: 6.254
Inference time: 6.472
Inference time: 6.529
Inference time: 6.389
Inference time: 6.120
Inference time: 6.324
Inference time: 6.143
Inference time: 6.177
Inference time: 6.164
Inference time: 6.452
Inference time: 6.374
Inference time: 6.329
Inference time: 6.365
Inference time: 6.350
Inference time: 6.732
Inference time: 6.758
Inference time: 6.253
Inference time: 6.649
Inference time: 6.510
Inference time: 6.402
Inference time: 6.509
Inference time: 6.574
Inference time: 6.779
Inference time: 6.413
Inference time: 6.514
Inference time: 6.273
Inference time: 6.337
Inference time: 6.234
Inference time: 6.466
Inference time: 6.462
Inference time: 6.632
Inference time: 6.326
Inference time: 6.061
Inference time: 6.186
Inference time: 6.352
Inference time: 6.228
Inference time: 6.333
Inference time: 6.130
Inference time: 6.542
Inference time: 6.449
Inference time: 6.426
Inference time: 6.399
Inference time: 6.401
Inference time: 6.491
Inference time: 6.200
Inference time: 6.969
Inference time: 6.355
Inference time: 6.430
Inference time: 6.304
Inference time: 6.241
Inference time: 6.521
Inference time: 6.238
Inference time: 6.514
Inference time: 6.093
Inference time: 6.436
Inference time: 6.247
Inference time: 6.316
Inference time: 6.629
Inference time: 6.310
Inference time: 6.359
Inference time: 6.245
Inference time: 6.385
Inference time: 6.485
Inference time: 6.418
Inference time: 6.264
Inference time: 6.398
Inference time: 6.321
Inference time: 6.359
Inference time: 6.396
Inference time: 6.498
Inference time: 6.716
Inference time: 6.333
Inference time: 6.436
Inference time: 6.818
Inference time: 6.271
Inference time: 6.159
Inference time: 6.559
Inference time: 6.259
Inference time: 6.461
Inference time: 6.433
Inference time: 6.253
Inference time: 7.116
Inference time: 6.254
Inference time: 6.483
Inference time: 6.574
Inference time: 6.439
Inference time: 6.212
Inference time: 6.194
Inference time: 6.165
Inference time: 6.483
Inference time: 6.947
Inference time: 6.621
Inference time: 6.454
Inference time: 6.282
Inference time: 6.638
Inference time: 6.554
Inference time: 6.388
Inference time: 6.337
Inference time: 6.445
Inference time: 6.479
Inference time: 6.224
Inference time: 7.118
Inference time: 6.488
Inference time: 6.401
Inference time: 6.596
Inference time: 6.584
Inference time: 7.138
Inference time: 6.929
Inference time: 7.753
Inference time: 7.350
Inference time: 6.798
Inference time: 6.423
Inference time: 6.602
Inference time: 6.529
Inference time: 6.550
Inference time: 6.560
Inference time: 6.553
Inference time: 6.578
Inference time: 6.371
Inference time: 6.345
Inference time: 6.457
Inference time: 6.314
Inference time: 6.161
Inference time: 6.402
Inference time: 6.375
Inference time: 6.451
Inference time: 6.436
Inference time: 6.901
Inference time: 7.144
Inference time: 6.620
Inference time: 6.357
Inference time: 6.459
Inference time: 5.995
Inference time: 6.436
Inference time: 6.321
Inference time: 6.424
Inference time: 6.206
Inference time: 6.329
Inference time: 6.329
Inference time: 6.458
Inference time: 6.310
Inference time: 6.608
Inference time: 6.319
Inference time: 6.219
Inference time: 6.206
Inference time: 6.373
Inference time: 6.338
Inference time: 6.168
Inference time: 6.282
Inference time: 6.417
Inference time: 6.376
Inference time: 6.850
Inference time: 6.428
Inference time: 6.224
Inference time: 6.289
Inference time: 6.801
Inference time: 6.559
Inference time: 6.667
Inference time: 6.646
Inference time: 7.005
Inference time: 6.391
Inference time: 6.614
Inference time: 6.489
Inference time: 6.368
Inference time: 6.531
Inference time: 6.933
Inference time: 6.869
Inference time: 7.346
Inference time: 6.552
Inference time: 6.152
Inference time: 6.239
Inference time: 6.363
Inference time: 6.464
Inference time: 6.329
Inference time: 6.438
Inference time: 6.295
Inference time: 6.351
Inference time: 6.385
Inference time: 6.333
Inference time: 6.220
Inference time: 6.871
Inference time: 6.234
Inference time: 6.919
Inference time: 6.481
Inference time: 6.431
Inference time: 6.320
Inference time: 6.615
Inference time: 6.433
Inference time: 6.501
Inference time: 6.083
Inference time: 6.244
Inference time: 6.406
Inference time: 6.406
Inference time: 6.252
Inference time: 6.325
Inference time: 6.481
Inference time: 6.525
Inference time: 6.481
Inference time: 6.496
Inference time: 6.393
Inference time: 6.446
Inference time: 6.756
Inference time: 6.334
Inference time: 6.507
Inference time: 6.386
Inference time: 6.480
Inference time: 6.490
Inference time: 6.374
Inference time: 6.337
Inference time: 6.297
Inference time: 6.733
Inference time: 6.705
Inference time: 6.793
Inference time: 6.732
Inference time: 6.296
Inference time: 6.485
Inference time: 6.516
Inference time: 6.534
Inference time: 6.296
Inference time: 6.448
Inference time: 7.262
Inference time: 6.490
Inference time: 7.084
Inference time: 6.493
Inference time: 6.459
Inference time: 6.726
Inference time: 6.688
Inference time: 6.832
Inference time: 6.876
Inference time: 6.671
Inference time: 6.726
Inference time: 6.594
Inference time: 6.670
Inference time: 6.524
Inference time: 6.728
Inference time: 6.647
Inference time: 6.515
Inference time: 7.564
Inference time: 6.843
Inference time: 7.087
Inference time: 6.736
Inference time: 6.520
Inference time: 6.616
Inference time: 6.857
Inference time: 6.468
Inference time: 6.616
Inference time: 6.803
Inference time: 6.563
Inference time: 6.367
Inference time: 7.160
Inference time: 6.483
Inference time: 6.599
Inference time: 6.267
Inference time: 6.428
Inference time: 6.346
Inference time: 6.436
Inference time: 7.148
Inference time: 6.569
Inference time: 6.628
Inference time: 6.332
Inference time: 6.346
Inference time: 6.510
Inference time: 6.518
Inference time: 6.370
Inference time: 6.547
Inference time: 6.513
Inference time: 6.333
Inference time: 6.391
Inference time: 6.467
Inference time: 6.468
Inference time: 6.992
Inference time: 6.707
Inference time: 6.251
Inference time: 6.405
Inference time: 6.759
Inference time: 6.705
Inference time: 6.556
Inference time: 7.302
Inference time: 6.744
Inference time: 6.816
Inference time: 6.266
Inference time: 6.348
Inference time: 6.389
Inference time: 6.481
Inference time: 6.593
Inference time: 6.256
Inference time: 6.507
Inference time: 6.414
Inference time: 6.707
Inference time: 6.416
Inference time: 6.067
Inference time: 6.732
Inference time: 6.199
Inference time: 6.518
Inference time: 6.179
Inference time: 6.634
Inference time: 6.328
Inference time: 6.486
Inference time: 6.370
Inference time: 6.302
Inference time: 6.305
Inference time: 6.345
Inference time: 6.316
Inference time: 6.333
Inference time: 6.352
Inference time: 6.291
Inference time: 6.299
Inference time: 6.285
Inference time: 6.473
Inference time: 6.229
Inference time: 6.205
Inference time: 6.405
Inference time: 6.524
Inference time: 6.503
Inference time: 6.526
Inference time: 6.454
Inference time: 6.343
Inference time: 6.393
Inference time: 6.291
Inference time: 7.000
Inference time: 6.159
Inference time: 6.470
Inference time: 6.551
Inference time: 6.503
Inference time: 6.554
Inference time: 6.245
Inference time: 6.375
Inference time: 6.012
Inference time: 6.257
Inference time: 6.431
Inference time: 6.698
Inference time: 6.448
Inference time: 6.372
Inference time: 6.464
Inference time: 6.492
Inference time: 6.128
Inference time: 6.539
Inference time: 6.501
Inference time: 6.812
Inference time: 6.414
Inference time: 7.010
Inference time: 6.360
Inference time: 6.382
Inference time: 6.591
Inference time: 6.343
Inference time: 6.333
Inference time: 6.691
Inference time: 6.505
Inference time: 6.365
Inference time: 6.660
Inference time: 6.397
Inference time: 6.437
Inference time: 6.557
Inference time: 6.392
Inference time: 6.444
Inference time: 6.576
Inference time: 6.356
Inference time: 6.304
Inference time: 6.243
Inference time: 6.633
Inference time: 6.403
Inference time: 6.677
Inference time: 6.407
Inference time: 6.377
Inference time: 6.759
Inference time: 6.306
Inference time: 6.507
Inference time: 6.388
Inference time: 6.227
Inference time: 6.562
Inference time: 6.309
Inference time: 6.476
Inference time: 6.225
Inference time: 6.370
Inference time: 6.920
Inference time: 6.402
Inference time: 6.620
Inference time: 6.449
Inference time: 6.460
Inference time: 7.256
Inference time: 6.589
Inference time: 6.236
Inference time: 6.167
Inference time: 6.344
Inference time: 6.618
Inference time: 6.466
Inference time: 6.516
Inference time: 6.175
Inference time: 6.418
Inference time: 6.346
Inference time: 6.302
Inference time: 6.631
Inference time: 6.403
Inference time: 6.218
Inference time: 6.112
Inference time: 6.361
Inference time: 6.292
Inference time: 6.302
Inference time: 5.991
Inference time: 6.421
Inference time: 6.234
Inference time: 6.257
Inference time: 6.897
Inference time: 6.555
Inference time: 6.535
Inference time: 6.408
Inference time: 6.608
Inference time: 6.655
Inference time: 6.247
Inference time: 6.387
Inference time: 6.287
Inference time: 6.452
Inference time: 6.283
Inference time: 6.502
Inference time: 6.462
Inference time: 6.494
Inference time: 6.470
Inference time: 6.288
Inference time: 6.267
Inference time: 6.151
Inference time: 6.352
Inference time: 6.421
Inference time: 6.379
Inference time: 6.648
Inference time: 6.691
Inference time: 6.242
Inference time: 6.673
Inference time: 6.396
Inference time: 6.491
Inference time: 6.909
Inference time: 6.679
Inference time: 6.414
Inference time: 7.241
Inference time: 6.269
Inference time: 6.444
Inference time: 6.270
Inference time: 6.255
Inference time: 6.314
Inference time: 6.413
Inference time: 6.928
Inference time: 6.529
Inference time: 6.211
Inference time: 6.262
Inference time: 6.446
Inference time: 6.280
Inference time: 6.341
Inference time: 6.337
Inference time: 6.413
Inference time: 6.573
Inference time: 6.478
Inference time: 6.344
Inference time: 6.354
Inference time: 6.313
Inference time: 7.059
Inference time: 6.367
Inference time: 6.424
Inference time: 6.489
Inference time: 7.205
Inference time: 6.475
Inference time: 6.589
Inference time: 6.422
Inference time: 6.512
Inference time: 6.381
Inference time: 6.116
Inference time: 6.284
Inference time: 6.257
Inference time: 6.157
Inference time: 6.312
Inference time: 6.384
Inference time: 6.212
Inference time: 6.361
Inference time: 6.381
Inference time: 6.266
Inference time: 6.294
Inference time: 6.180
Inference time: 6.384
Inference time: 6.137
Inference time: 6.783
